2016/02/13 13:18:57 にビルドを開始しました。
     1>ノード 2 上のプロジェクト "C:\Users\vantan\Desktop\YourChoiceGorila\TikuneLib2015VSver\GameTemplate.vcxproj" (Build ターゲット)。
     1>ClCompile:
         C:\Program Files (x86)\Microsoft Visual Studio 14.0\VC\bin\x86_amd64\CL.exe /c /ZI /nologo /W3 /WX- /MP /Od /D WIN32 /D _DEBUG /D _WINDOWS /D DEBUG /D _ITERATOR_DEBUG_LEVEL=0 /D PRODUCT_NAME=GameTemplate /GF /Gm- /EHsc /RTC1 /MDd /GS /Gy /fp:precise /Zc:wchar_t /Zc:forScope /Zc:inline /Fo"x64\Debug\\" /Fd"x64\Debug\vc140.pdb" /Gd /TP /errorReport:prompt src\tikuneLib\Cpp\GameMain.cpp
         GameMain.cpp
     1>c:\users\vantan\desktop\yourchoicegorila\tikunelib2015vsver\include\freetype\freetype.h(2614): warning C4819: ファイルは、現在のコード ページ (932) で表示できない文字を含んでいます。データの損失を防ぐために、ファイルを Unicode 形式で保存してください。
       Link:
         C:\Program Files (x86)\Microsoft Visual Studio 14.0\VC\bin\x86_amd64\link.exe /ERRORREPORT:PROMPT /OUT:"C:\Users\vantan\Desktop\YourChoiceGorila\TikuneLib2015VSver\GameTemplate.exe" /INCREMENTAL /NOLOGO kernel32.lib user32.lib gdi32.lib winspool.lib comdlg32.lib advapi32.lib shell32.lib ole32.lib oleaut32.lib uuid.lib odbc32.lib odbccp32.lib /MANIFEST /MANIFESTUAC:"level='asInvoker' uiAccess='false'" /manifest:embed /Debug /PDB:"C:\Users\vantan\Desktop\YourChoiceGorila\TikuneLib2015VSver\GameTemplate.pdb" /SUBSYSTEM:WINDOWS /TLBID:1 /ENTRY:"mainCRTStartup" /DYNAMICBASE /NXCOMPAT /IMPLIB:"C:\Users\vantan\Desktop\YourChoiceGorila\TikuneLib2015VSver\GameTemplate.lib" /MACHINE:X64 x64\Debug\appEnv.obj
         x64\Debug\audio.obj
         x64\Debug\camera2D.obj
         x64\Debug\fileUtil.obj
         x64\Debug\font.obj
         x64\Debug\gamePad.obj
         x64\Debug\glExt.obj
         x64\Debug\glfwWindow.obj
         x64\Debug\glTexture.obj
         x64\Debug\graph.obj
         x64\Debug\matrix.obj
         x64\Debug\os_osx.obj
         x64\Debug\os_win.obj
         x64\Debug\png.obj
         x64\Debug\random.obj
         x64\Debug\streaming.obj
         x64\Debug\streamWav.obj
         x64\Debug\texture.obj
         x64\Debug\utils.obj
         x64\Debug\wav.obj
         x64\Debug\main.obj
         x64\Debug\Common.obj
         x64\Debug\GameMain.obj
         x64\Debug\OneSecnd.obj
         x64\Debug\Result.obj
         x64\Debug\SceneManager.obj
         x64\Debug\Title.obj
         x64\Debug\SaveData.obj
         GameTemplate.vcxproj -> C:\Users\vantan\Desktop\YourChoiceGorila\TikuneLib2015VSver\GameTemplate.exe
     1>プロジェクト "C:\Users\vantan\Desktop\YourChoiceGorila\TikuneLib2015VSver\GameTemplate.vcxproj" (Build ターゲット) のビルドが完了しました。

ビルドに成功しました。

経過時間 00:00:05.10
